accounts-daemon.service                      disabled        disabled
apparmor.service                             disabled        disabled
audit-rules.service                          disabled        disabled
auditd.service                               disabled        disabled
avahi-daemon.service                         disabled        disabled
avahi-dnsconfd.service                       disabled        disabled
blk-availability.service                     disabled        disabled
blueman-mechanism.service                    disabled        disabled
bluetooth.service                            enabled         disabled
canberra-system-bootup.service               disabled        disabled
canberra-system-shutdown-reboot.service      disabled        disabled
canberra-system-shutdown.service             disabled        disabled
console-getty.service                        disabled        disabled
cpupower.service                             enabled         disabled
cronie.service                               enabled         disabled
cups.service                                 disabled        disabled
custom-pipewire.service                      enabled         disabled
cxl-monitor.service                          disabled        disabled
dbus-broker.service                          disabled        disabled
debug-shell.service                          disabled        disabled
dhcpcd.service                               enabled         disabled
dhcpcd@.service                              disabled        disabled
e2scrub_reap.service                         disabled        disabled
fancontrol.service                           disabled        disabled
gdm.service                                  enabled         disabled
gluster-ta-volume.service                    disabled        disabled
glusterd.service                             disabled        disabled
glustereventsd.service                       disabled        disabled
glusterfssharedstorage.service               disabled        disabled
gnome-remote-desktop-configuration.service   disabled        disabled
gnome-remote-desktop.service                 disabled        disabled
gpm.service                                  disabled        disabled
healthd.service                              disabled        disabled
httpd.service                                disabled        disabled
ip6tables.service                            disabled        disabled
iperf3.service                               disabled        disabled
iptables.service                             disabled        disabled
krb5-kadmind.service                         disabled        disabled
krb5-kdc.service                             disabled        disabled
krb5-kpropd.service                          disabled        disabled
languagetool.service                         disabled        disabled
lastlog2-import.service                      disabled        disabled
libvirt-guests.service                       disabled        disabled
libvirtd.service                             disabled        disabled
lm_sensors.service                           disabled        disabled
lvm-devices-import.service                   disabled        disabled
nbd.service                                  disabled        disabled
nbd@.service                                 disabled        disabled
ndctl-monitor.service                        disabled        disabled
NetworkManager-dispatcher.service            enabled         disabled
NetworkManager-wait-online.service           enabled         disabled
NetworkManager.service                       enabled         disabled
nvidia-hibernate.service                     disabled        disabled
nvidia-persistenced.service                  disabled        disabled
nvidia-resume.service                        disabled        disabled
nvidia-suspend.service                       disabled        disabled
ostree-remount.service                       disabled        disabled
ostree-state-overlay@.service                disabled        disabled
pamac-offline-upgrade.service                disabled        disabled
pcscd.service                                indirect        disabled
phoromatic-client.service                    disabled        disabled
phoromatic-server.service                    disabled        disabled
phoronix-result-server.service               disabled        disabled
pipewire-pulse.service                       enabled         disabled
pipewire.service                             enabled         disabled
reflector.service                            disabled        disabled
rfkill-block@.service                        disabled        disabled
rfkill-unblock@.service                      disabled        disabled
rpcbind.service                              disabled        disabled
rsyncd.service                               disabled        disabled
rtkit-daemon.service                         disabled        disabled
saned@.service                               indirect        disabled
sensord.service                              disabled        disabled
serial-getty@.service                        disabled        disabled
set-scheduler.service                        disabled        disabled
smartd.service                               disabled        disabled
snmpd.service                                disabled        disabled
snmptrapd.service                            disabled        disabled
speech-dispatcherd.service                   disabled        disabled
sshd.service                                 disabled        disabled
sudo_logsrvd.service                         disabled        disabled
systemd-boot-check-no-failures.service       disabled        disabled
systemd-boot-update.service                  disabled        enabled
systemd-confext.service                      disabled        enabled
systemd-fsck-root.service                    enabled-runtime disabled
systemd-homed-activate.service               disabled        enabled
systemd-homed-firstboot.service              disabled        disabled
systemd-homed.service                        disabled        enabled
systemd-journal-gatewayd.service             indirect        disabled
systemd-journal-remote.service               indirect        disabled
systemd-journal-upload.service               disabled        disabled
systemd-mountfsd.service                     indirect        disabled
systemd-network-generator.service            disabled        enabled
systemd-networkd-wait-online.service         disabled        enabled
systemd-networkd-wait-online@.service        disabled        disabled
systemd-networkd.service                     disabled        enabled
systemd-nspawn@.service                      disabled        disabled
systemd-nsresourced.service                  indirect        disabled
systemd-oomd.service                         disabled        disabled
systemd-pcrlock-file-system.service          disabled        disabled
systemd-pcrlock-firmware-code.service        disabled        disabled
systemd-pcrlock-firmware-config.service      disabled        disabled
systemd-pcrlock-machine-id.service           disabled        disabled
systemd-pcrlock-make-policy.service          disabled        disabled
systemd-pcrlock-secureboot-authority.service disabled        disabled
systemd-pcrlock-secureboot-policy.service    disabled        disabled
systemd-pstore.service                       disabled        enabled
systemd-remount-fs.service                   enabled-runtime disabled
systemd-resolved.service                     disabled        enabled
systemd-sysext.service                       disabled        enabled
systemd-sysupdate-reboot.service             indirect        disabled
systemd-sysupdate.service                    indirect        disabled
systemd-time-wait-sync.service               disabled        disabled
systemd-udev-load-credentials.service        disabled        disabled
systemd-userdbd.service                      indirect        disabled
systemd-vmspawn@.service                     disabled        disabled
udisks2.service                              disabled        disabled
upower.service                               disabled        disabled
uuidd.service                                indirect        disabled
virtchd.service                              disabled        disabled
virtinterfaced.service                       disabled        disabled
virtlockd.service                            disabled        disabled
virtlogd.service                             disabled        disabled
virtlxcd.service                             disabled        disabled
virtnetworkd.service                         disabled        disabled
virtnodedevd.service                         disabled        disabled
virtnwfilterd.service                        disabled        disabled
virtproxyd.service                           disabled        disabled
virtqemud.service                            disabled        disabled
virtsecretd.service                          disabled        disabled
virtstoraged.service                         disabled        disabled
virtvboxd.service                            disabled        disabled
wireplumber.service                          enabled         disabled
wpa_supplicant-nl80211@.service              disabled        disabled
wpa_supplicant-wired@.service                disabled        disabled
wpa_supplicant.service                       disabled        disabled
wpa_supplicant@.service                      disabled        disabled
wsdd.service                                 disabled        disabled
